Using pre-set license
Built from '2021.1/staging' branch; Version is '2021.1.9f1 (7a790e367ab3) revision 8026382'; Using compiler version '192528614'; Build Type 'Release'
OS: 'Windows 10 Home; OS build 19043.1052; Version 2009; 64bit' Language: 'en' Physical Memory: 8140 MB
BatchMode: 1, IsHumanControllingUs: 0, StartBugReporterOnCrash: 0, Is64bit: 1, IsPro: 0

 COMMAND LINE ARGUMENTS:
C:\IMPORTANT\Unity\Unity\2021.1.9f1\Editor\Unity.exe
-adb2
-batchMode
-noUpm
-name
AssetImportWorker1
-projectPath
C:/IMPORTANT/Unity/Projects/Tests
-logFile
Logs/AssetImportWorker1.log
-srvPort
63353
Successfully changed project path to: C:/IMPORTANT/Unity/Projects/Tests
C:/IMPORTANT/Unity/Projects/Tests
Using Asset Import Pipeline V2.
Refreshing native plugins compatible for Editor in 70.93 ms, found 3 plugins.
Preloading 0 native plugins for Editor in 0.00 ms.
Initialize engine version: 2021.1.9f1 (7a790e367ab3)
[Subsystems] Discovering subsystems at path C:/IMPORTANT/Unity/Unity/2021.1.9f1/Editor/Data/Resources/UnitySubsystems
[Subsystems] Discovering subsystems at path C:/IMPORTANT/Unity/Projects/Tests/Assets
GfxDevice: creating device client; threaded=0; jobified=0
Direct3D:
    Version:  Direct3D 11.0 [level 11.1]
    Renderer: NVIDIA GeForce GTX 1650 SUPER (ID=0x2187)
    Vendor:   NVIDIA
    VRAM:     3955 MB
    Driver:   27.21.14.5671
Initialize mono
Mono path[0] = 'C:/IMPORTANT/Unity/Unity/2021.1.9f1/Editor/Data/Managed'
Mono path[1] = 'C:/IMPORTANT/Unity/Unity/2021.1.9f1/Editor/Data/MonoBleedingEdge/lib/mono/unityjit'
Mono config path = 'C:/IMPORTANT/Unity/Unity/2021.1.9f1/Editor/Data/MonoBleedingEdge/etc'
Using monoOptions --debugger-agent=transport=dt_socket,embedding=1,server=y,suspend=n,address=127.0.0.1:56044
Begin MonoManager ReloadAssembly
Registering precompiled unity dll's ...
Register platform support module: C:/IMPORTANT/Unity/Unity/2021.1.9f1/Editor/Data/PlaybackEngines/WindowsStandaloneSupport/UnityEditor.WindowsStandalone.Extensions.dll
Registered in 0.001899 seconds.
Native extension for WindowsStandalone target not found
Refreshing native plugins compatible for Editor in 73.51 ms, found 3 plugins.
Preloading 0 native plugins for Editor in 0.00 ms.
Mono: successfully reloaded assembly
- Completed reload, in  1.639 seconds
Domain Reload Profiling:
	ReloadAssembly (1639ms)
		BeginReloadAssembly (45ms)
			ExecutionOrderSort (0ms)
			DisableScriptedObjects (0ms)
			BackupInstance (0ms)
			ReleaseScriptingObjects (0ms)
			CreateAndSetChildDomain (1ms)
		EndReloadAssembly (404ms)
			LoadAssemblies (43ms)
			RebuildTransferFunctionScriptingTraits (0ms)
			SetupTypeCache (143ms)
			ReleaseScriptCaches (0ms)
			RebuildScriptCaches (26ms)
			SetupLoadedEditorAssemblies (196ms)
				LogAssemblyErrors (0ms)
				InitializePlatformSupportModulesInManaged (5ms)
				SetLoadedEditorAssemblies (0ms)
				RefreshPlugins (74ms)
				BeforeProcessingInitializeOnLoad (1ms)
				ProcessInitializeOnLoadAttributes (89ms)
				ProcessInitializeOnLoadMethodAttributes (26ms)
				AfterProcessingInitializeOnLoad (0ms)
				EditorAssembliesLoaded (0ms)
			ExecutionOrderSort2 (0ms)
			AwakeInstancesAfterBackupRestoration (0ms)
Platform modules already initialized, skipping
Registering precompiled user dll's ...
Registered in 0.004684 seconds.
Begin MonoManager ReloadAssembly
Symbol file LoadedFromMemory doesn't match image C:\IMPORTANT\Unity\Projects\Tests\Library\PackageCache\com.unity.visualscripting@1.6.1\Editor\VisualScripting.Core\Dependencies\YamlDotNet\Unity.VisualScripting.YamlDotNet.dll
Symbol file LoadedFromMemory doesn't match image C:\IMPORTANT\Unity\Projects\Tests\Library\PackageCache\com.unity.visualscripting@1.6.1\Editor\VisualScripting.Core\Dependencies\DotNetZip\Unity.VisualScripting.IonicZip.dll
Native extension for WindowsStandalone target not found
Refreshing native plugins compatible for Editor in 0.64 ms, found 3 plugins.
Preloading 0 native plugins for Editor in 0.00 ms.
Mono: successfully reloaded assembly
- Completed reload, in  0.982 seconds
Domain Reload Profiling:
	ReloadAssembly (983ms)
		BeginReloadAssembly (134ms)
			ExecutionOrderSort (0ms)
			DisableScriptedObjects (5ms)
			BackupInstance (0ms)
			ReleaseScriptingObjects (0ms)
			CreateAndSetChildDomain (19ms)
		EndReloadAssembly (790ms)
			LoadAssemblies (77ms)
			RebuildTransferFunctionScriptingTraits (0ms)
			SetupTypeCache (306ms)
			ReleaseScriptCaches (1ms)
			RebuildScriptCaches (43ms)
			SetupLoadedEditorAssemblies (276ms)
				LogAssemblyErrors (0ms)
				InitializePlatformSupportModulesInManaged (4ms)
				SetLoadedEditorAssemblies (0ms)
				RefreshPlugins (1ms)
				BeforeProcessingInitializeOnLoad (63ms)
				ProcessInitializeOnLoadAttributes (198ms)
				ProcessInitializeOnLoadMethodAttributes (4ms)
				AfterProcessingInitializeOnLoad (6ms)
				EditorAssembliesLoaded (0ms)
			ExecutionOrderSort2 (0ms)
			AwakeInstancesAfterBackupRestoration (6ms)
Platform modules already initialized, skipping
========================================================================
Worker process is ready to serve import requests
Launched and connected shader compiler UnityShaderCompiler.exe after 0.07 seconds
Refreshing native plugins compatible for Editor in 0.64 ms, found 3 plugins.
Preloading 0 native plugins for Editor in 0.00 ms.
Unloading 2947 Unused Serialized files (Serialized files now loaded: 0)
System memory in use before: 105.7 MB.
System memory in use after: 105.9 MB.

Unloading 23 unused Assets to reduce memory usage. Loaded Objects now: 3391.
Total: 2.163000 ms (FindLiveObjects: 0.277000 ms CreateObjectMapping: 0.083700 ms MarkObjects: 1.731600 ms  DeleteObjects: 0.069500 ms)

AssetImportParameters requested are different than current active one (requested -> active):
  custom:framework-win-MediaFoundation: 216162199b28c13a410421893ffa2e32 -> 
  custom:video-decoder-ogg-theora: a1e56fd34408186e4bbccfd4996cb3dc -> 
  custom:container-muxer-webm: aa71ff27fc2769a1b78a27578f13a17b -> 
  custom:container-demuxer-webm: 4f35f7cbe854078d1ac9338744f61a02 -> 
  custom:container-demuxer-ogg: 62fdf1f143b41e24485cea50d1cbac27 -> 
  custom:video-encoder-webm-vp8: eb34c28f22e8b96e1ab97ce403110664 -> 
  custom:video-decoder-webm-vp8: 9c59270c3fd7afecdb556c50c9e8de78 -> 
  custom:audio-decoder-ogg-vorbis: bf7c407c2cedff20999df2af8eb42d56 -> 
  custom:audio-encoder-webm-vorbis: bf7c407c2cedff20999df2af8eb42d56 -> 
========================================================================
Received Import Request.
  path: Assets/AStar/FindPathX.cs
  artifactKey: Guid(3611f5bc8407816479d3e3bf62965f8a) Importer(815301076,1909f56bfc062723c751e8b465ee728b)
Start importing Assets/AStar/FindPathX.cs using Guid(3611f5bc8407816479d3e3bf62965f8a) Importer(815301076,1909f56bfc062723c751e8b465ee728b)  -> (artifact id: 'b3e54f0518c81aa692211dea63672d27') in 0.051501 seconds 
========================================================================
Received Prepare
Registering precompiled user dll's ...
Registered in 0.004646 seconds.
Begin MonoManager ReloadAssembly
Symbol file LoadedFromMemory doesn't match image C:\IMPORTANT\Unity\Projects\Tests\Library\PackageCache\com.unity.visualscripting@1.6.1\Editor\VisualScripting.Core\Dependencies\YamlDotNet\Unity.VisualScripting.YamlDotNet.dll
Symbol file LoadedFromMemory doesn't match image C:\IMPORTANT\Unity\Projects\Tests\Library\PackageCache\com.unity.visualscripting@1.6.1\Editor\VisualScripting.Core\Dependencies\DotNetZip\Unity.VisualScripting.IonicZip.dll
Native extension for WindowsStandalone target not found
Refreshing native plugins compatible for Editor in 0.65 ms, found 3 plugins.
Preloading 0 native plugins for Editor in 0.00 ms.
Mono: successfully reloaded assembly
- Completed reload, in  0.929 seconds
Domain Reload Profiling:
	ReloadAssembly (929ms)
		BeginReloadAssembly (104ms)
			ExecutionOrderSort (0ms)
			DisableScriptedObjects (4ms)
			BackupInstance (0ms)
			ReleaseScriptingObjects (0ms)
			CreateAndSetChildDomain (33ms)
		EndReloadAssembly (766ms)
			LoadAssemblies (78ms)
			RebuildTransferFunctionScriptingTraits (0ms)
			SetupTypeCache (312ms)
			ReleaseScriptCaches (1ms)
			RebuildScriptCaches (36ms)
			SetupLoadedEditorAssemblies (250ms)
				LogAssemblyErrors (0ms)
				InitializePlatformSupportModulesInManaged (4ms)
				SetLoadedEditorAssemblies (0ms)
				RefreshPlugins (1ms)
				BeforeProcessingInitializeOnLoad (47ms)
				ProcessInitializeOnLoadAttributes (188ms)
				ProcessInitializeOnLoadMethodAttributes (4ms)
				AfterProcessingInitializeOnLoad (6ms)
				EditorAssembliesLoaded (0ms)
			ExecutionOrderSort2 (0ms)
			AwakeInstancesAfterBackupRestoration (7ms)
Platform modules already initialized, skipping
Refreshing native plugins compatible for Editor in 1.08 ms, found 3 plugins.
Preloading 0 native plugins for Editor in 0.00 ms.
Unloading 2942 Unused Serialized files (Serialized files now loaded: 0)
System memory in use before: 105.7 MB.
System memory in use after: 105.9 MB.

Unloading 18 unused Assets to reduce memory usage. Loaded Objects now: 3394.
Total: 2.562400 ms (FindLiveObjects: 0.333400 ms CreateObjectMapping: 0.080700 ms MarkObjects: 2.095500 ms  DeleteObjects: 0.051200 ms)

AssetImportParameters requested are different than current active one (requested -> active):
  custom:framework-win-MediaFoundation: 216162199b28c13a410421893ffa2e32 -> 
  custom:video-decoder-ogg-theora: a1e56fd34408186e4bbccfd4996cb3dc -> 
  custom:container-muxer-webm: aa71ff27fc2769a1b78a27578f13a17b -> 
  custom:container-demuxer-webm: 4f35f7cbe854078d1ac9338744f61a02 -> 
  custom:container-demuxer-ogg: 62fdf1f143b41e24485cea50d1cbac27 -> 
  custom:video-encoder-webm-vp8: eb34c28f22e8b96e1ab97ce403110664 -> 
  custom:video-decoder-webm-vp8: 9c59270c3fd7afecdb556c50c9e8de78 -> 
  custom:audio-decoder-ogg-vorbis: bf7c407c2cedff20999df2af8eb42d56 -> 
  custom:audio-encoder-webm-vorbis: bf7c407c2cedff20999df2af8eb42d56 -> 
========================================================================
Received Prepare
Registering precompiled user dll's ...
Registered in 0.005157 seconds.
Begin MonoManager ReloadAssembly
Symbol file LoadedFromMemory doesn't match image C:\IMPORTANT\Unity\Projects\Tests\Library\PackageCache\com.unity.visualscripting@1.6.1\Editor\VisualScripting.Core\Dependencies\YamlDotNet\Unity.VisualScripting.YamlDotNet.dll
Symbol file LoadedFromMemory doesn't match image C:\IMPORTANT\Unity\Projects\Tests\Library\PackageCache\com.unity.visualscripting@1.6.1\Editor\VisualScripting.Core\Dependencies\DotNetZip\Unity.VisualScripting.IonicZip.dll
Native extension for WindowsStandalone target not found
Refreshing native plugins compatible for Editor in 0.79 ms, found 3 plugins.
Preloading 0 native plugins for Editor in 0.00 ms.
Mono: successfully reloaded assembly
- Completed reload, in  0.906 seconds
Domain Reload Profiling:
	ReloadAssembly (907ms)
		BeginReloadAssembly (101ms)
			ExecutionOrderSort (0ms)
			DisableScriptedObjects (4ms)
			BackupInstance (0ms)
			ReleaseScriptingObjects (0ms)
			CreateAndSetChildDomain (33ms)
		EndReloadAssembly (748ms)
			LoadAssemblies (78ms)
			RebuildTransferFunctionScriptingTraits (0ms)
			SetupTypeCache (289ms)
			ReleaseScriptCaches (1ms)
			RebuildScriptCaches (37ms)
			SetupLoadedEditorAssemblies (251ms)
				LogAssemblyErrors (0ms)
				InitializePlatformSupportModulesInManaged (4ms)
				SetLoadedEditorAssemblies (1ms)
				RefreshPlugins (1ms)
				BeforeProcessingInitializeOnLoad (49ms)
				ProcessInitializeOnLoadAttributes (185ms)
				ProcessInitializeOnLoadMethodAttributes (4ms)
				AfterProcessingInitializeOnLoad (6ms)
				EditorAssembliesLoaded (0ms)
			ExecutionOrderSort2 (0ms)
			AwakeInstancesAfterBackupRestoration (6ms)
Platform modules already initialized, skipping
Refreshing native plugins compatible for Editor in 0.73 ms, found 3 plugins.
Preloading 0 native plugins for Editor in 0.00 ms.
Unloading 2942 Unused Serialized files (Serialized files now loaded: 0)
System memory in use before: 105.8 MB.
System memory in use after: 106.0 MB.

Unloading 18 unused Assets to reduce memory usage. Loaded Objects now: 3397.
Total: 2.307200 ms (FindLiveObjects: 0.292400 ms CreateObjectMapping: 0.081100 ms MarkObjects: 1.880200 ms  DeleteObjects: 0.052200 ms)

AssetImportParameters requested are different than current active one (requested -> active):
  custom:framework-win-MediaFoundation: 216162199b28c13a410421893ffa2e32 -> 
  custom:video-decoder-ogg-theora: a1e56fd34408186e4bbccfd4996cb3dc -> 
  custom:container-muxer-webm: aa71ff27fc2769a1b78a27578f13a17b -> 
  custom:container-demuxer-webm: 4f35f7cbe854078d1ac9338744f61a02 -> 
  custom:container-demuxer-ogg: 62fdf1f143b41e24485cea50d1cbac27 -> 
  custom:video-encoder-webm-vp8: eb34c28f22e8b96e1ab97ce403110664 -> 
  custom:video-decoder-webm-vp8: 9c59270c3fd7afecdb556c50c9e8de78 -> 
  custom:audio-decoder-ogg-vorbis: bf7c407c2cedff20999df2af8eb42d56 -> 
  custom:audio-encoder-webm-vorbis: bf7c407c2cedff20999df2af8eb42d56 -> 
========================================================================
Received Import Request.
  Time since last request: 211.963947 seconds.
  path: Assets/AStar/Scripts
  artifactKey: Guid(3eabdd79fc6499543b882136a8bdb49d) Importer(815301076,1909f56bfc062723c751e8b465ee728b)
Start importing Assets/AStar/Scripts using Guid(3eabdd79fc6499543b882136a8bdb49d) Importer(815301076,1909f56bfc062723c751e8b465ee728b)  -> (artifact id: 'aac3fcc316b5281fbf250b5bbe3cafcf') in 0.012396 seconds 
========================================================================
Received Prepare
Registering precompiled user dll's ...
Registered in 0.004664 seconds.
Begin MonoManager ReloadAssembly
Symbol file LoadedFromMemory doesn't match image C:\IMPORTANT\Unity\Projects\Tests\Library\PackageCache\com.unity.visualscripting@1.6.1\Editor\VisualScripting.Core\Dependencies\YamlDotNet\Unity.VisualScripting.YamlDotNet.dll
Symbol file LoadedFromMemory doesn't match image C:\IMPORTANT\Unity\Projects\Tests\Library\PackageCache\com.unity.visualscripting@1.6.1\Editor\VisualScripting.Core\Dependencies\DotNetZip\Unity.VisualScripting.IonicZip.dll
Native extension for WindowsStandalone target not found
Refreshing native plugins compatible for Editor in 0.66 ms, found 3 plugins.
Preloading 0 native plugins for Editor in 0.00 ms.
Mono: successfully reloaded assembly
- Completed reload, in  0.891 seconds
Domain Reload Profiling:
	ReloadAssembly (892ms)
		BeginReloadAssembly (102ms)
			ExecutionOrderSort (0ms)
			DisableScriptedObjects (4ms)
			BackupInstance (0ms)
			ReleaseScriptingObjects (0ms)
			CreateAndSetChildDomain (32ms)
		EndReloadAssembly (733ms)
			LoadAssemblies (74ms)
			RebuildTransferFunctionScriptingTraits (0ms)
			SetupTypeCache (291ms)
			ReleaseScriptCaches (1ms)
			RebuildScriptCaches (35ms)
			SetupLoadedEditorAssemblies (245ms)
				LogAssemblyErrors (0ms)
				InitializePlatformSupportModulesInManaged (4ms)
				SetLoadedEditorAssemblies (0ms)
				RefreshPlugins (1ms)
				BeforeProcessingInitializeOnLoad (46ms)
				ProcessInitializeOnLoadAttributes (184ms)
				ProcessInitializeOnLoadMethodAttributes (4ms)
				AfterProcessingInitializeOnLoad (6ms)
				EditorAssembliesLoaded (0ms)
			ExecutionOrderSort2 (0ms)
			AwakeInstancesAfterBackupRestoration (6ms)
Platform modules already initialized, skipping
Refreshing native plugins compatible for Editor in 0.73 ms, found 3 plugins.
Preloading 0 native plugins for Editor in 0.00 ms.
Unloading 2942 Unused Serialized files (Serialized files now loaded: 0)
System memory in use before: 105.8 MB.
System memory in use after: 106.0 MB.

Unloading 18 unused Assets to reduce memory usage. Loaded Objects now: 3400.
Total: 2.879500 ms (FindLiveObjects: 0.396800 ms CreateObjectMapping: 0.080300 ms MarkObjects: 2.345500 ms  DeleteObjects: 0.055600 ms)

AssetImportParameters requested are different than current active one (requested -> active):
  custom:framework-win-MediaFoundation: 216162199b28c13a410421893ffa2e32 -> 
  custom:video-decoder-ogg-theora: a1e56fd34408186e4bbccfd4996cb3dc -> 
  custom:container-muxer-webm: aa71ff27fc2769a1b78a27578f13a17b -> 
  custom:container-demuxer-webm: 4f35f7cbe854078d1ac9338744f61a02 -> 
  custom:container-demuxer-ogg: 62fdf1f143b41e24485cea50d1cbac27 -> 
  custom:video-encoder-webm-vp8: eb34c28f22e8b96e1ab97ce403110664 -> 
  custom:video-decoder-webm-vp8: 9c59270c3fd7afecdb556c50c9e8de78 -> 
  custom:audio-decoder-ogg-vorbis: bf7c407c2cedff20999df2af8eb42d56 -> 
  custom:audio-encoder-webm-vorbis: bf7c407c2cedff20999df2af8eb42d56 -> 
========================================================================
Received Import Request.
  Time since last request: 15.487692 seconds.
  path: Assets/Models
  artifactKey: Guid(f708667a0ece27848af88c26edf01ba8) Importer(815301076,1909f56bfc062723c751e8b465ee728b)
Start importing Assets/Models using Guid(f708667a0ece27848af88c26edf01ba8) Importer(815301076,1909f56bfc062723c751e8b465ee728b)  -> (artifact id: 'ad1ec55ea182ae0c02faab4d52a9c7b6') in 0.010996 seconds 
========================================================================
Received Import Request.
  Time since last request: 5.293576 seconds.
  path: Assets/AStar/AStarPath.unity
  artifactKey: Guid(477a9f6b31b954bb69bd4885300f1ee8) Importer(2089858483,934ff659095e30574adcf32a4c2f97b5)
Start importing Assets/AStar/AStarPath.unity using Guid(477a9f6b31b954bb69bd4885300f1ee8) Importer(2089858483,934ff659095e30574adcf32a4c2f97b5)  -> (artifact id: '00b95baff4d51d4a88aa00237530719a') in 0.051573 seconds 
========================================================================
Received Import Request.
  Time since last request: 0.000161 seconds.
  path: Assets/Models/Materials/Green.mat
  artifactKey: Guid(8ab3124b7e8a34ca6bb2e831a9726475) Importer(2089858483,934ff659095e30574adcf32a4c2f97b5)
Start importing Assets/Models/Materials/Green.mat using Guid(8ab3124b7e8a34ca6bb2e831a9726475) Importer(2089858483,934ff659095e30574adcf32a4c2f97b5)  -> (artifact id: '0d01f85962bda5fc29cb9970d11446a9') in 0.013622 seconds 
========================================================================
Received Import Request.
  Time since last request: 0.000142 seconds.
  path: Assets/Scripts/TerenaryOperator/TerenaryUseCase.cs
  artifactKey: Guid(4bd07e75f971b66498accfd3efdd748c) Importer(2089858483,934ff659095e30574adcf32a4c2f97b5)
Start importing Assets/Scripts/TerenaryOperator/TerenaryUseCase.cs using Guid(4bd07e75f971b66498accfd3efdd748c) Importer(2089858483,934ff659095e30574adcf32a4c2f97b5)  -> (artifact id: '575cccc29dc62dcec29cf09ef982ffbd') in 0.009713 seconds 
========================================================================
Received Import Request.
  Time since last request: 0.000154 seconds.
  path: Assets/Scripts/StaticMembers/StaticMembers.cs
  artifactKey: Guid(7094b9cf91cd95c44bc7d0f83534aad1) Importer(2089858483,934ff659095e30574adcf32a4c2f97b5)
Start importing Assets/Scripts/StaticMembers/StaticMembers.cs using Guid(7094b9cf91cd95c44bc7d0f83534aad1) Importer(2089858483,934ff659095e30574adcf32a4c2f97b5)  -> (artifact id: 'f7e5ed483713551b0022e0f7dfb37496') in 0.010572 seconds 
========================================================================
Received Import Request.
  Time since last request: 0.000165 seconds.
  path: Assets/Models/Materials/Red.mat
  artifactKey: Guid(a39ce23f4c7304a76aef66e35714e69b) Importer(2089858483,934ff659095e30574adcf32a4c2f97b5)
Start importing Assets/Models/Materials/Red.mat using Guid(a39ce23f4c7304a76aef66e35714e69b) Importer(2089858483,934ff659095e30574adcf32a4c2f97b5)  -> (artifact id: '5a12c87cf0c2f5e3d278b1590367f825') in 0.009489 seconds 
========================================================================
Received Import Request.
  Time since last request: 0.000198 seconds.
  path: Assets/Models/Materials/yellow.mat
  artifactKey: Guid(ac5845cab927e4bbfa33fcee63733def) Importer(2089858483,934ff659095e30574adcf32a4c2f97b5)
Start importing Assets/Models/Materials/yellow.mat using Guid(ac5845cab927e4bbfa33fcee63733def) Importer(2089858483,934ff659095e30574adcf32a4c2f97b5)  -> (artifact id: 'b4163fbabb3d06117a9a482c1318a110') in 0.008947 seconds 
========================================================================
Received Import Request.
  Time since last request: 0.000134 seconds.
  path: Assets/Scripts/Properties/Player.cs
  artifactKey: Guid(275121a552888c541bcef53d14b20f37) Importer(2089858483,934ff659095e30574adcf32a4c2f97b5)
Start importing Assets/Scripts/Properties/Player.cs using Guid(275121a552888c541bcef53d14b20f37) Importer(2089858483,934ff659095e30574adcf32a4c2f97b5)  -> (artifact id: '7ee51a9ffca3f90c4accccb0dba8ac7f') in 0.009238 seconds 
========================================================================
Received Import Request.
  Time since last request: 0.000125 seconds.
  path: Assets/AStar/Scripts/Recursive.cs
  artifactKey: Guid(33bbdb95ccc4b4577a62495732a02d3e) Importer(2089858483,934ff659095e30574adcf32a4c2f97b5)
Start importing Assets/AStar/Scripts/Recursive.cs using Guid(33bbdb95ccc4b4577a62495732a02d3e) Importer(2089858483,934ff659095e30574adcf32a4c2f97b5)  -> (artifact id: 'db2df394091fe81e961b6b590365339f') in 0.009720 seconds 
========================================================================
Received Import Request.
  Time since last request: 0.000147 seconds.
  path: Assets/Models/Materials/Wall.mat
  artifactKey: Guid(dad53977d7ab443f9b3aa0f3ce239b3f) Importer(2089858483,934ff659095e30574adcf32a4c2f97b5)
Start importing Assets/Models/Materials/Wall.mat using Guid(dad53977d7ab443f9b3aa0f3ce239b3f) Importer(2089858483,934ff659095e30574adcf32a4c2f97b5)  -> (artifact id: 'eec47f0948a5c27cef0703046a1081b1') in 0.007526 seconds 
========================================================================
Received Import Request.
  Time since last request: 0.000129 seconds.
  path: Assets/AStar/Scripts/Extensions.cs
  artifactKey: Guid(7d9791b1b03c14f16a245b2d4577c5f9) Importer(2089858483,934ff659095e30574adcf32a4c2f97b5)
Start importing Assets/AStar/Scripts/Extensions.cs using Guid(7d9791b1b03c14f16a245b2d4577c5f9) Importer(2089858483,934ff659095e30574adcf32a4c2f97b5)  -> (artifact id: '7c0c669cce6eef9fbe6fe1546b417eb6') in 0.007595 seconds 
========================================================================
Received Import Request.
  Time since last request: 0.000138 seconds.
  path: Assets/Models/Materials/Black.mat
  artifactKey: Guid(ecd8b89a9845644fabc91334db10097d) Importer(2089858483,934ff659095e30574adcf32a4c2f97b5)
Start importing Assets/Models/Materials/Black.mat using Guid(ecd8b89a9845644fabc91334db10097d) Importer(2089858483,934ff659095e30574adcf32a4c2f97b5)  -> (artifact id: '2333f03a427414c859da9a0a42bef077') in 0.007330 seconds 
========================================================================
Received Import Request.
  Time since last request: 0.000133 seconds.
  path: Assets/Models/Prefabs/End.prefab
  artifactKey: Guid(a05f88bb7457d4e59bd0ee0e79575ce1) Importer(2089858483,934ff659095e30574adcf32a4c2f97b5)
Start importing Assets/Models/Prefabs/End.prefab using Guid(a05f88bb7457d4e59bd0ee0e79575ce1) Importer(2089858483,934ff659095e30574adcf32a4c2f97b5)  -> (artifact id: 'a4b19cec59aef5c4e5fbbdc129c9541d') in 0.009587 seconds 
========================================================================
Received Import Request.
  Time since last request: 0.000199 seconds.
  path: Assets/Scripts/OverLoads/FunctionOverLOad.cs
  artifactKey: Guid(d2bb9528de4fb544f99a3eec4abe8864) Importer(2089858483,934ff659095e30574adcf32a4c2f97b5)
Start importing Assets/Scripts/OverLoads/FunctionOverLOad.cs using Guid(d2bb9528de4fb544f99a3eec4abe8864) Importer(2089858483,934ff659095e30574adcf32a4c2f97b5)  -> (artifact id: '9edb1e07ad60e0995111566ffc495fa6') in 0.008620 seconds 
========================================================================
Received Import Request.
  Time since last request: 0.000137 seconds.
  path: Assets/Scenes/SampleScene.unity
  artifactKey: Guid(9fc0d4010bbf28b4594072e72b8655ab) Importer(2089858483,934ff659095e30574adcf32a4c2f97b5)
Start importing Assets/Scenes/SampleScene.unity using Guid(9fc0d4010bbf28b4594072e72b8655ab) Importer(2089858483,934ff659095e30574adcf32a4c2f97b5)  -> (artifact id: '25751652679b45d0206482f35389b926') in 0.008489 seconds 
========================================================================
Received Import Request.
  Time since last request: 0.000138 seconds.
  path: Assets/AStar/Scripts/Maze.cs
  artifactKey: Guid(1039d646c358a4bd5ac697b0446a2f7e) Importer(2089858483,934ff659095e30574adcf32a4c2f97b5)
Start importing Assets/AStar/Scripts/Maze.cs using Guid(1039d646c358a4bd5ac697b0446a2f7e) Importer(2089858483,934ff659095e30574adcf32a4c2f97b5)  -> (artifact id: '9185ab08e2f8201cfc492f682f66071f') in 0.006961 seconds 
========================================================================
Received Import Request.
  Time since last request: 0.000129 seconds.
  path: Assets/Models/Materials/Blue.mat
  artifactKey: Guid(05893fc3b659b442887050c52afecc9b) Importer(2089858483,934ff659095e30574adcf32a4c2f97b5)
Start importing Assets/Models/Materials/Blue.mat using Guid(05893fc3b659b442887050c52afecc9b) Importer(2089858483,934ff659095e30574adcf32a4c2f97b5)  -> (artifact id: 'cf189b8089dc1a775da9306a966f00c1') in 0.008582 seconds 
========================================================================
Received Import Request.
  Time since last request: 0.000160 seconds.
  path: Assets/Models/Materials/orange.mat
  artifactKey: Guid(b53bce765920d46c595d6803cf1846a6) Importer(2089858483,934ff659095e30574adcf32a4c2f97b5)
Start importing Assets/Models/Materials/orange.mat using Guid(b53bce765920d46c595d6803cf1846a6) Importer(2089858483,934ff659095e30574adcf32a4c2f97b5)  -> (artifact id: 'a439a7010cf65dbba710fa4eeacdb00e') in 0.007488 seconds 
========================================================================
Received Import Request.
  Time since last request: 0.000136 seconds.
  path: Assets/Scripts/StaticMembers/publicAndPrivateMembers.cs
  artifactKey: Guid(bb623af5522b20046932ab8fa795c30f) Importer(2089858483,934ff659095e30574adcf32a4c2f97b5)
Start importing Assets/Scripts/StaticMembers/publicAndPrivateMembers.cs using Guid(bb623af5522b20046932ab8fa795c30f) Importer(2089858483,934ff659095e30574adcf32a4c2f97b5)  -> (artifact id: 'c787016bdce41aa117e882bd69fff1bb') in 0.009141 seconds 
========================================================================
Received Import Request.
  Time since last request: 0.000150 seconds.
  path: Assets/Scripts/Properties/Machine.cs
  artifactKey: Guid(67866c820fa7cb9429a4a169ab509895) Importer(2089858483,934ff659095e30574adcf32a4c2f97b5)
Start importing Assets/Scripts/Properties/Machine.cs using Guid(67866c820fa7cb9429a4a169ab509895) Importer(2089858483,934ff659095e30574adcf32a4c2f97b5)  -> (artifact id: 'bb1575ba4140bd8833e33af500db8b3a') in 0.007739 seconds 
========================================================================
Received Import Request.
  Time since last request: 0.000164 seconds.
  path: Assets/Models/Prefabs/Start.prefab
  artifactKey: Guid(ef44b7d2e6e35443aab13daf5583bd3e) Importer(2089858483,934ff659095e30574adcf32a4c2f97b5)
Start importing Assets/Models/Prefabs/Start.prefab using Guid(ef44b7d2e6e35443aab13daf5583bd3e) Importer(2089858483,934ff659095e30574adcf32a4c2f97b5)  -> (artifact id: '2e7868803cca9b09b7adae4fa9aaa8e2') in 0.008532 seconds 
========================================================================
Received Import Request.
  Time since last request: 0.000158 seconds.
  path: Assets/Models/Prefabs/Path.prefab
  artifactKey: Guid(fbc327f82b9b646dca7e0960e120ec66) Importer(2089858483,934ff659095e30574adcf32a4c2f97b5)
Start importing Assets/Models/Prefabs/Path.prefab using Guid(fbc327f82b9b646dca7e0960e120ec66) Importer(2089858483,934ff659095e30574adcf32a4c2f97b5)  -> (artifact id: '5b7226ab4d6e26f5160ed9478d2d03ab') in 0.007632 seconds 
========================================================================
Received Import Request.
  Time since last request: 0.000135 seconds.
  path: Assets/AStar/Scripts/FindPathX.cs
  artifactKey: Guid(3611f5bc8407816479d3e3bf62965f8a) Importer(2089858483,934ff659095e30574adcf32a4c2f97b5)
Start importing Assets/AStar/Scripts/FindPathX.cs using Guid(3611f5bc8407816479d3e3bf62965f8a) Importer(2089858483,934ff659095e30574adcf32a4c2f97b5)  -> (artifact id: '7c78599d2329a3c77acecd707c865212') in 0.008629 seconds 
========================================================================
Received Import Request.
  Time since last request: 0.002569 seconds.
  path: Packages/com.unity.timeline/DocCodeExamples/DocCodeExamples.asmdef
  artifactKey: Guid(9550f6b9c1ac87345a996c43f204fb30) Importer(815301076,1909f56bfc062723c751e8b465ee728b)
Start importing Packages/com.unity.timeline/DocCodeExamples/DocCodeExamples.asmdef using Guid(9550f6b9c1ac87345a996c43f204fb30) Importer(815301076,1909f56bfc062723c751e8b465ee728b)  -> (artifact id: 'f483ce6ab1cf87d08116251ed81213b3') in 0.008093 seconds 
========================================================================
Received Import Request.
  Time since last request: 0.735872 seconds.
  path: Packages/com.unity.ide.rider/package.json
  artifactKey: Guid(66c95bb3c74257f41bae2622511dc02d) Importer(815301076,1909f56bfc062723c751e8b465ee728b)
Start importing Packages/com.unity.ide.rider/package.json using Guid(66c95bb3c74257f41bae2622511dc02d) Importer(815301076,1909f56bfc062723c751e8b465ee728b)  -> (artifact id: 'b9749e32f12d72c262c03610bfceec6f') in 0.021610 seconds 
========================================================================
Received Import Request.
  Time since last request: 0.000168 seconds.
  path: Packages/com.unity.ide.rider/Rider/Editor/com.unity.ide.rider.asmdef
  artifactKey: Guid(d528c8c98d269ca44a06cd9624a03945) Importer(815301076,1909f56bfc062723c751e8b465ee728b)
Start importing Packages/com.unity.ide.rider/Rider/Editor/com.unity.ide.rider.asmdef using Guid(d528c8c98d269ca44a06cd9624a03945) Importer(815301076,1909f56bfc062723c751e8b465ee728b)  -> (artifact id: 'f7eb19ff54a73ccb3a3ab990e095b44e') in 0.005997 seconds 
========================================================================
Received Import Request.
  Time since last request: 0.000138 seconds.
  path: Assets/Models/Materials/Blue.mat
  artifactKey: Guid(05893fc3b659b442887050c52afecc9b) Importer(815301076,1909f56bfc062723c751e8b465ee728b)
Start importing Assets/Models/Materials/Blue.mat using Guid(05893fc3b659b442887050c52afecc9b) Importer(815301076,1909f56bfc062723c751e8b465ee728b)  -> (artifact id: '86806b646a6df252f38c6dcc6673e809') in 0.073087 seconds 
========================================================================
Received Import Request.
  Time since last request: 0.000158 seconds.
  path: Assets/Models/Materials/orange.mat
  artifactKey: Guid(b53bce765920d46c595d6803cf1846a6) Importer(815301076,1909f56bfc062723c751e8b465ee728b)
Start importing Assets/Models/Materials/orange.mat using Guid(b53bce765920d46c595d6803cf1846a6) Importer(815301076,1909f56bfc062723c751e8b465ee728b)  -> (artifact id: 'f9d7a90d066c9ff621bb46add60e49ee') in 0.009970 seconds 
========================================================================
Received Import Request.
  Time since last request: 0.000137 seconds.
  path: Assets/Models/Materials/Red.mat
  artifactKey: Guid(a39ce23f4c7304a76aef66e35714e69b) Importer(815301076,1909f56bfc062723c751e8b465ee728b)
Start importing Assets/Models/Materials/Red.mat using Guid(a39ce23f4c7304a76aef66e35714e69b) Importer(815301076,1909f56bfc062723c751e8b465ee728b)  -> (artifact id: '56377ccbf6bcfe0b28cdf975c22b6126') in 0.009970 seconds 
========================================================================
Received Import Request.
  Time since last request: 0.000170 seconds.
  path: Assets/Models/Materials/yellow.mat
  artifactKey: Guid(ac5845cab927e4bbfa33fcee63733def) Importer(815301076,1909f56bfc062723c751e8b465ee728b)
Start importing Assets/Models/Materials/yellow.mat using Guid(ac5845cab927e4bbfa33fcee63733def) Importer(815301076,1909f56bfc062723c751e8b465ee728b)  -> (artifact id: 'b9e7d6a1e4e2f3a5878ba7739abecf9a') in 0.010009 seconds 
========================================================================
Received Import Request.
  Time since last request: 0.000215 seconds.
  path: Assets/Models/Prefabs/End.prefab
  artifactKey: Guid(a05f88bb7457d4e59bd0ee0e79575ce1) Importer(815301076,1909f56bfc062723c751e8b465ee728b)
Start importing Assets/Models/Prefabs/End.prefab using Guid(a05f88bb7457d4e59bd0ee0e79575ce1) Importer(815301076,1909f56bfc062723c751e8b465ee728b)  -> (artifact id: 'a9caeb3a09b3f34e148f9954b0a6d053') in 0.023010 seconds 
========================================================================
Received Import Request.
  Time since last request: 0.000135 seconds.
  path: Packages/com.unity.ext.nunit/package.json
  artifactKey: Guid(8143d3a8390f2c64685e3bc272bd9e90) Importer(815301076,1909f56bfc062723c751e8b465ee728b)
Start importing Packages/com.unity.ext.nunit/package.json using Guid(8143d3a8390f2c64685e3bc272bd9e90) Importer(815301076,1909f56bfc062723c751e8b465ee728b)  -> (artifact id: '36f449bd9ed4a92e06d659da724da745') in 0.002416 seconds 
========================================================================
Received Import Request.
  Time since last request: 0.000117 seconds.
  path: Assets/Models/Materials/Green.mat
  artifactKey: Guid(8ab3124b7e8a34ca6bb2e831a9726475) Importer(815301076,1909f56bfc062723c751e8b465ee728b)
Start importing Assets/Models/Materials/Green.mat using Guid(8ab3124b7e8a34ca6bb2e831a9726475) Importer(815301076,1909f56bfc062723c751e8b465ee728b)  -> (artifact id: 'd43b4f9816372e92dc7b949c69ce1301') in 0.011419 seconds 
========================================================================
Received Import Request.
  Time since last request: 0.000153 seconds.
  path: Packages/com.unity.textmeshpro/Editor Resources/Textures/SectionHeader_Light.psd
  artifactKey: Guid(e3b0f810fdea84e40ab4ba20f256f7e8) Importer(815301076,1909f56bfc062723c751e8b465ee728b)
Start importing Packages/com.unity.textmeshpro/Editor Resources/Textures/SectionHeader_Light.psd using Guid(e3b0f810fdea84e40ab4ba20f256f7e8) Importer(815301076,1909f56bfc062723c751e8b465ee728b)  -> (artifact id: 'dc6e4e8538449dbd1da30e9345834df6') in 0.080204 seconds 
========================================================================
Received Import Request.
  Time since last request: 0.000155 seconds.
  path: Packages/com.unity.textmeshpro/Editor Resources/Textures/btn_AlignMidline_Light.psd
  artifactKey: Guid(bb42b2d967d6427983c901a4ffc8ecd9) Importer(815301076,1909f56bfc062723c751e8b465ee728b)
Start importing Packages/com.unity.textmeshpro/Editor Resources/Textures/btn_AlignMidline_Light.psd using Guid(bb42b2d967d6427983c901a4ffc8ecd9) Importer(815301076,1909f56bfc062723c751e8b465ee728b)  -> (artifact id: '0023a068c3d1e93446fff75aa3bf8319') in 0.008452 seconds 
========================================================================
Received Import Request.
  Time since last request: 0.000147 seconds.
  path: Packages/com.unity.textmeshpro/Editor Resources/Gizmos/TMP - Text Component Icon.psd
  artifactKey: Guid(2fd6421f253b4ef1a19526541f9ffc0c) Importer(815301076,1909f56bfc062723c751e8b465ee728b)
Start importing Packages/com.unity.textmeshpro/Editor Resources/Gizmos/TMP - Text Component Icon.psd using Guid(2fd6421f253b4ef1a19526541f9ffc0c) Importer(815301076,1909f56bfc062723c751e8b465ee728b)  -> (artifact id: 'df11a05e773f0c86da707f40a989741b') in 0.009541 seconds 
========================================================================
Received Import Request.
  Time since last request: 0.000139 seconds.
  path: Packages/com.unity.textmeshpro/Editor Resources/Textures/btn_AlignBaseLine_Light.psd
  artifactKey: Guid(18775b51e3bd42299fd30bd036ea982f) Importer(815301076,1909f56bfc062723c751e8b465ee728b)
Start importing Packages/com.unity.textmeshpro/Editor Resources/Textures/btn_AlignBaseLine_Light.psd using Guid(18775b51e3bd42299fd30bd036ea982f) Importer(815301076,1909f56bfc062723c751e8b465ee728b)  -> (artifact id: 'c99e2afcc7e3ff6fec261ace7f88281a') in 0.008294 seconds 
========================================================================
Received Import Request.
  Time since last request: 0.000145 seconds.
  path: Packages/com.unity.textmeshpro/Editor Resources/Textures/btn_AlignLeft.psd
  artifactKey: Guid(9288066c33474b94b6ee5465f4df1cc0) Importer(815301076,1909f56bfc062723c751e8b465ee728b)
Start importing Packages/com.unity.textmeshpro/Editor Resources/Textures/btn_AlignLeft.psd using Guid(9288066c33474b94b6ee5465f4df1cc0) Importer(815301076,1909f56bfc062723c751e8b465ee728b)  -> (artifact id: '80fdc3e7b9f56fec096bcbefc0d05603') in 0.009528 seconds 
========================================================================
Received Import Request.
  Time since last request: 0.000164 seconds.
  path: Packages/com.unity.textmeshpro/Editor Resources/Textures/SectionHeader_Dark.psd
  artifactKey: Guid(fb5730e24283d0c489e5c7d0bee023d9) Importer(815301076,1909f56bfc062723c751e8b465ee728b)
Start importing Packages/com.unity.textmeshpro/Editor Resources/Textures/SectionHeader_Dark.psd using Guid(fb5730e24283d0c489e5c7d0bee023d9) Importer(815301076,1909f56bfc062723c751e8b465ee728b)  -> (artifact id: 'c352f7f4e6667646231bfb4421662d07') in 0.008566 seconds 
========================================================================
Received Import Request.
  Time since last request: 0.000154 seconds.
  path: Packages/com.unity.textmeshpro/Editor Resources/Textures/btn_AlignCapLine.psd
  artifactKey: Guid(0d9a36012a224080966c7b55896aa0f9) Importer(815301076,1909f56bfc062723c751e8b465ee728b)
Start importing Packages/com.unity.textmeshpro/Editor Resources/Textures/btn_AlignCapLine.psd using Guid(0d9a36012a224080966c7b55896aa0f9) Importer(815301076,1909f56bfc062723c751e8b465ee728b)  -> (artifact id: '869eaf4aaa1aaf878f53442a3d863af4') in 0.008005 seconds 
========================================================================
Received Import Request.
  Time since last request: 0.000160 seconds.
  path: Packages/com.unity.textmeshpro/package.json
  artifactKey: Guid(220e9325710f4235a43492dd1ee4980d) Importer(815301076,1909f56bfc062723c751e8b465ee728b)
Start importing Packages/com.unity.textmeshpro/package.json using Guid(220e9325710f4235a43492dd1ee4980d) Importer(815301076,1909f56bfc062723c751e8b465ee728b)  -> (artifact id: '2c6d4de5db3a39bcb3575c98dc9df750') in 0.002522 seconds 
========================================================================
Received Import Request.
  Time since last request: 0.000140 seconds.
  path: Packages/com.unity.textmeshpro/Editor Resources/Textures/btn_AlignJustified.psd
  artifactKey: Guid(92027f7f8cfc4feaa477da0dc38d3d46) Importer(815301076,1909f56bfc062723c751e8b465ee728b)
Start importing Packages/com.unity.textmeshpro/Editor Resources/Textures/btn_AlignJustified.psd using Guid(92027f7f8cfc4feaa477da0dc38d3d46) Importer(815301076,1909f56bfc062723c751e8b465ee728b)  -> (artifact id: 'bf167856f959a937c00725b58951101f') in 0.008117 seconds 
========================================================================
Received Import Request.
  Time since last request: 0.000158 seconds.
  path: Packages/com.unity.textmeshpro/Editor Resources/Textures/btn_AlignCenterGeo.psd
  artifactKey: Guid(c76700ea0062413d9f69409b4e9e151b) Importer(815301076,1909f56bfc062723c751e8b465ee728b)
Start importing Packages/com.unity.textmeshpro/Editor Resources/Textures/btn_AlignCenterGeo.psd using Guid(c76700ea0062413d9f69409b4e9e151b) Importer(815301076,1909f56bfc062723c751e8b465ee728b)  -> (artifact id: 'a738c7b98e03db0aa16c933e9be54da2') in 0.007865 seconds 
========================================================================
Received Import Request.
  Time since last request: 0.000138 seconds.
  path: Packages/com.unity.textmeshpro/Editor Resources/Textures/btn_AlignMidLine.psd
  artifactKey: Guid(c2f7f6a88b4c4f20a53deb72f3d9144c) Importer(815301076,1909f56bfc062723c751e8b465ee728b)
Start importing Packages/com.unity.textmeshpro/Editor Resources/Textures/btn_AlignMidLine.psd using Guid(c2f7f6a88b4c4f20a53deb72f3d9144c) Importer(815301076,1909f56bfc062723c751e8b465ee728b)  -> (artifact id: '93339351724d990fb7a10a503a27ecf8') in 0.008281 seconds 
========================================================================
Received Import Request.
  Time since last request: 0.000140 seconds.
  path: Packages/com.unity.textmeshpro/Editor Resources/Textures/btn_AlignLeft_Light.psd
  artifactKey: Guid(12736c98af174f91827a26b66d2b01b9) Importer(815301076,1909f56bfc062723c751e8b465ee728b)
Start importing Packages/com.unity.textmeshpro/Editor Resources/Textures/btn_AlignLeft_Light.psd using Guid(12736c98af174f91827a26b66d2b01b9) Importer(815301076,1909f56bfc062723c751e8b465ee728b)  -> (artifact id: 'befb0e9a3da1ab00a32437d67d101be4') in 0.008552 seconds 
========================================================================
Received Import Request.
  Time since last request: 0.000160 seconds.
  path: Packages/com.unity.textmeshpro/Editor Resources/Textures/btn_AlignCenter.psd
  artifactKey: Guid(81ed8c76d2bc4a4c95d092c98af4e58f) Importer(815301076,1909f56bfc062723c751e8b465ee728b)
Start importing Packages/com.unity.textmeshpro/Editor Resources/Textures/btn_AlignCenter.psd using Guid(81ed8c76d2bc4a4c95d092c98af4e58f) Importer(815301076,1909f56bfc062723c751e8b465ee728b)  -> (artifact id: '57939ca02a909e344752b1f934a44abd') in 0.008545 seconds 
========================================================================
Received Import Request.
  Time since last request: 0.000157 seconds.
  path: Packages/com.unity.textmeshpro/Editor Resources/Textures/btn_AlignCenterGeo_Light.psd
  artifactKey: Guid(35ff0937876540d3bd4b6a941df62a92) Importer(815301076,1909f56bfc062723c751e8b465ee728b)
Start importing Packages/com.unity.textmeshpro/Editor Resources/Textures/btn_AlignCenterGeo_Light.psd using Guid(35ff0937876540d3bd4b6a941df62a92) Importer(815301076,1909f56bfc062723c751e8b465ee728b)  -> (artifact id: 'f7f39e673e6a8fff297ba32808416fcc') in 0.007572 seconds 
========================================================================
Received Import Request.
  Time since last request: 0.000127 seconds.
  path: Packages/com.unity.textmeshpro/Editor Resources/Textures/btn_AlignCenter_Light.psd
  artifactKey: Guid(6ace62d30f494c948b71d5594afce11d) Importer(815301076,1909f56bfc062723c751e8b465ee728b)
Start importing Packages/com.unity.textmeshpro/Editor Resources/Textures/btn_AlignCenter_Light.psd using Guid(6ace62d30f494c948b71d5594afce11d) Importer(815301076,1909f56bfc062723c751e8b465ee728b)  -> (artifact id: '51b950a4536bd1575de0f2a109e0df63') in 0.007825 seconds 
========================================================================
Received Import Request.
  Time since last request: 0.000165 seconds.
  path: Packages/com.unity.textmeshpro/Editor Resources/Gizmos/TMP - Input Field Icon.psd
  artifactKey: Guid(3ee40aa79cd242a5b53b0b0ca4f13f0f) Importer(815301076,1909f56bfc062723c751e8b465ee728b)
Start importing Packages/com.unity.textmeshpro/Editor Resources/Gizmos/TMP - Input Field Icon.psd using Guid(3ee40aa79cd242a5b53b0b0ca4f13f0f) Importer(815301076,1909f56bfc062723c751e8b465ee728b)  -> (artifact id: '1d2ff93bb2e5e1ccdd923461a1ba9568') in 0.008658 seconds 
========================================================================
Received Import Request.
  Time since last request: 0.000159 seconds.
  path: Packages/com.unity.textmeshpro/Editor Resources/Textures/btn_AlignMiddle_Light.psd
  artifactKey: Guid(066619c9c9c84f89acb1b48c11a7efe2) Importer(815301076,1909f56bfc062723c751e8b465ee728b)
Start importing Packages/com.unity.textmeshpro/Editor Resources/Textures/btn_AlignMiddle_Light.psd using Guid(066619c9c9c84f89acb1b48c11a7efe2) Importer(815301076,1909f56bfc062723c751e8b465ee728b)  -> (artifact id: '92d65cb862fa659dcd0ae6f291d1b098') in 0.009931 seconds 
========================================================================
Received Import Request.
  Time since last request: 0.000153 seconds.
  path: Packages/com.unity.textmeshpro/Editor Resources/Textures/btn_AlignBaseLine.psd
  artifactKey: Guid(8bc445bb79654bf496c92d0407840a92) Importer(815301076,1909f56bfc062723c751e8b465ee728b)
Start importing Packages/com.unity.textmeshpro/Editor Resources/Textures/btn_AlignBaseLine.psd using Guid(8bc445bb79654bf496c92d0407840a92) Importer(815301076,1909f56bfc062723c751e8b465ee728b)  -> (artifact id: 'd90e305b4705168ad7325dd1fe7e02d5') in 0.009046 seconds 
========================================================================
Received Import Request.
  Time since last request: 0.000160 seconds.
  path: Packages/com.unity.textmeshpro/Editor Resources/Textures/btn_AlignCapLine_Light.psd
  artifactKey: Guid(49679f302ac6408697f6b9314a38985c) Importer(815301076,1909f56bfc062723c751e8b465ee728b)
Start importing Packages/com.unity.textmeshpro/Editor Resources/Textures/btn_AlignCapLine_Light.psd using Guid(49679f302ac6408697f6b9314a38985c) Importer(815301076,1909f56bfc062723c751e8b465ee728b)  -> (artifact id: 'c0bc9c81aa479b3a82aea7431c55c45f') in 0.009019 seconds 
========================================================================
Received Import Request.
  Time since last request: 0.000146 seconds.
  path: Packages/com.unity.textmeshpro/Editor Resources/Textures/btn_AlignJustified_Light.psd
  artifactKey: Guid(fa6bd40a216346b783a4cce741d277a5) Importer(815301076,1909f56bfc062723c751e8b465ee728b)
Start importing Packages/com.unity.textmeshpro/Editor Resources/Textures/btn_AlignJustified_Light.psd using Guid(fa6bd40a216346b783a4cce741d277a5) Importer(815301076,1909f56bfc062723c751e8b465ee728b)  -> (artifact id: '9a1da31f6f48c7fe195b760b6ecbf43d') in 0.010195 seconds 
========================================================================
Received Import Request.
  Time since last request: 0.000185 seconds.
  path: Packages/com.unity.textmeshpro/Editor Resources/Textures/btn_AlignMiddle.psd
  artifactKey: Guid(41b96614b2e6494ba995ddcd252d11ae) Importer(815301076,1909f56bfc062723c751e8b465ee728b)
Start importing Packages/com.unity.textmeshpro/Editor Resources/Textures/btn_AlignMiddle.psd using Guid(41b96614b2e6494ba995ddcd252d11ae) Importer(815301076,1909f56bfc062723c751e8b465ee728b)  -> (artifact id: '4532ca5e8b00addebacf4e1ea34e79ad') in 0.008302 seconds 
========================================================================
Received Import Request.
  Time since last request: 0.000179 seconds.
  path: Packages/com.unity.textmeshpro/Editor Resources/Gizmos/TMP - Sprite Asset Icon.psd
  artifactKey: Guid(ec7c645d93308c04d8840982af12101e) Importer(815301076,1909f56bfc062723c751e8b465ee728b)
Start importing Packages/com.unity.textmeshpro/Editor Resources/Gizmos/TMP - Sprite Asset Icon.psd using Guid(ec7c645d93308c04d8840982af12101e) Importer(815301076,1909f56bfc062723c751e8b465ee728b)  -> (artifact id: 'c948924285e102c97506bc8ecf52f4f7') in 0.009079 seconds 
========================================================================
Received Import Request.
  Time since last request: 0.000170 seconds.
  path: Packages/com.unity.textmeshpro/Editor Resources/Gizmos/TMP - Font Asset Icon.psd
  artifactKey: Guid(ee148e281f3c41c5b4ff5f8a5afe5a6c) Importer(815301076,1909f56bfc062723c751e8b465ee728b)
Start importing Packages/com.unity.textmeshpro/Editor Resources/Gizmos/TMP - Font Asset Icon.psd using Guid(ee148e281f3c41c5b4ff5f8a5afe5a6c) Importer(815301076,1909f56bfc062723c751e8b465ee728b)  -> (artifact id: '4c8b615803dfbb9dbdfe04293bfe5895') in 0.010431 seconds 
========================================================================
Received Import Request.
  Time since last request: 0.176980 seconds.
  path: Packages/com.unity.visualscripting/Editor/VisualScripting.Flow/EditorAssetResources/Icons/UnitCategories/Events/Rendering@16x.png
  artifactKey: Guid(3aba68694f889904b9bd0ff7028b1e28) Importer(815301076,1909f56bfc062723c751e8b465ee728b)
Start importing Packages/com.unity.visualscripting/Editor/VisualScripting.Flow/EditorAssetResources/Icons/UnitCategories/Events/Rendering@16x.png using Guid(3aba68694f889904b9bd0ff7028b1e28) Importer(815301076,1909f56bfc062723c751e8b465ee728b)  -> (artifact id: 'f4bb54765016f42bf327fc71dd146778') in 0.042946 seconds 
========================================================================
Received Import Request.
  Time since last request: 0.000159 seconds.
  path: Packages/com.unity.timeline/Editor/StyleSheets/Images/LightSkin/TimelineEndPlayback.png
  artifactKey: Guid(6952cd3b0f88917449a8fa4d19fc5009) Importer(815301076,1909f56bfc062723c751e8b465ee728b)
Start importing Packages/com.unity.timeline/Editor/StyleSheets/Images/LightSkin/TimelineEndPlayback.png using Guid(6952cd3b0f88917449a8fa4d19fc5009) Importer(815301076,1909f56bfc062723c751e8b465ee728b)  -> (artifact id: '796698935d55eb0289734b1d8d73ef58') in 0.010437 seconds 
========================================================================
Received Import Request.
  Time since last request: 0.000141 seconds.
  path: Packages/com.unity.visualscripting/Editor/VisualScripting.Flow/EditorAssetResources/Icons/UnitCategories/Events/Rendering@32x.png
  artifactKey: Guid(78df8f1515baaa5449e98025f5f414e4) Importer(815301076,1909f56bfc062723c751e8b465ee728b)
Start importing Packages/com.unity.visualscripting/Editor/VisualScripting.Flow/EditorAssetResources/Icons/UnitCategories/Events/Rendering@32x.png using Guid(78df8f1515baaa5449e98025f5f414e4) Importer(815301076,1909f56bfc062723c751e8b465ee728b)  -> (artifact id: '5353374c697c291c958df9cea781d375') in 0.009959 seconds 
========================================================================
Received Import Request.
  Time since last request: 0.000168 seconds.
  path: Packages/com.unity.timeline/Editor/StyleSheets/Images/Shared/TimelineSeqEnd.png
  artifactKey: Guid(5dfe66e61e0d270468ae75349ff3a3eb) Importer(815301076,1909f56bfc062723c751e8b465ee728b)
Start importing Packages/com.unity.timeline/Editor/StyleSheets/Images/Shared/TimelineSeqEnd.png using Guid(5dfe66e61e0d270468ae75349ff3a3eb) Importer(815301076,1909f56bfc062723c751e8b465ee728b)  -> (artifact id: '785a9cb3155342b2700121f3e9aa3ac3') in 0.009902 seconds 
========================================================================
Received Import Request.
  Time since last request: 0.000157 seconds.
  path: Packages/com.unity.timeline/Editor/StyleSheets/Images/DarkSkin/TimelineEndPlayback.png
  artifactKey: Guid(c285802d9d414814fad592b90b223f15) Importer(815301076,1909f56bfc062723c751e8b465ee728b)
Start importing Packages/com.unity.timeline/Editor/StyleSheets/Images/DarkSkin/TimelineEndPlayback.png using Guid(c285802d9d414814fad592b90b223f15) Importer(815301076,1909f56bfc062723c751e8b465ee728b)  -> (artifact id: '0927dcfe4efe195781fe932a66925216') in 0.008358 seconds 
========================================================================
Received Import Request.
  Time since last request: 3.281217 seconds.
  path: Assets/Models/Prefabs/Path.prefab
  artifactKey: Guid(fbc327f82b9b646dca7e0960e120ec66) Importer(815301076,1909f56bfc062723c751e8b465ee728b)
Start importing Assets/Models/Prefabs/Path.prefab using Guid(fbc327f82b9b646dca7e0960e120ec66) Importer(815301076,1909f56bfc062723c751e8b465ee728b)  -> (artifact id: 'e93863667e748f84f08d282504d25fe0') in 0.013206 seconds 
========================================================================
Received Import Request.
  Time since last request: 0.000165 seconds.
  path: Assets/Models/Prefabs/Start.prefab
  artifactKey: Guid(ef44b7d2e6e35443aab13daf5583bd3e) Importer(815301076,1909f56bfc062723c751e8b465ee728b)
Start importing Assets/Models/Prefabs/Start.prefab using Guid(ef44b7d2e6e35443aab13daf5583bd3e) Importer(815301076,1909f56bfc062723c751e8b465ee728b)  -> (artifact id: 'b21fbc5b2e369d2399ecbf9973aeff9f') in 0.010609 seconds 
========================================================================
Received Import Request.
  Time since last request: 135.524158 seconds.
  path: Assets/Models/Prefabs
  artifactKey: Guid(ad246f7873c2b014ab1e4ffa9ad0ad78) Importer(815301076,1909f56bfc062723c751e8b465ee728b)
Start importing Assets/Models/Prefabs using Guid(ad246f7873c2b014ab1e4ffa9ad0ad78) Importer(815301076,1909f56bfc062723c751e8b465ee728b)  -> (artifact id: '27bf012fa2ea3c810da40ee9c150df50') in 0.006626 seconds 
========================================================================
Received Import Request.
  Time since last request: 0.618014 seconds.
  path: Assets/Models/Materials
  artifactKey: Guid(1be323304f5885f4aa1039e60759ae67) Importer(815301076,1909f56bfc062723c751e8b465ee728b)
Start importing Assets/Models/Materials using Guid(1be323304f5885f4aa1039e60759ae67) Importer(815301076,1909f56bfc062723c751e8b465ee728b)  -> (artifact id: '9ecfef3e3af17b5c123c5a3896561647') in 0.006300 seconds 
========================================================================
Received Import Request.
  Time since last request: 0.041822 seconds.
  path: Assets/Models/Materials/Black.mat
  artifactKey: Guid(ecd8b89a9845644fabc91334db10097d) Importer(815301076,1909f56bfc062723c751e8b465ee728b)
Start importing Assets/Models/Materials/Black.mat using Guid(ecd8b89a9845644fabc91334db10097d) Importer(815301076,1909f56bfc062723c751e8b465ee728b)  -> (artifact id: '3844d0e4c8e605c89c7d24c42b6c3d3f') in 0.015137 seconds 
========================================================================
Received Import Request.
  Time since last request: 0.000150 seconds.
  path: Assets/Models/Materials/Wall.mat
  artifactKey: Guid(dad53977d7ab443f9b3aa0f3ce239b3f) Importer(815301076,1909f56bfc062723c751e8b465ee728b)
Start importing Assets/Models/Materials/Wall.mat using Guid(dad53977d7ab443f9b3aa0f3ce239b3f) Importer(815301076,1909f56bfc062723c751e8b465ee728b)  -> (artifact id: '7b5fbbd6fd1d24c4a7a45084bd0d7e77') in 0.014153 seconds 
========================================================================
Received Import Request.
  Time since last request: 5.295658 seconds.
  path: Assets/AStar/Models/Materials
  artifactKey: Guid(1be323304f5885f4aa1039e60759ae67) Importer(2089858483,934ff659095e30574adcf32a4c2f97b5)
Start importing Assets/AStar/Models/Materials using Guid(1be323304f5885f4aa1039e60759ae67) Importer(2089858483,934ff659095e30574adcf32a4c2f97b5)  -> (artifact id: 'db9fd0f34c12463742877e8fb4924146') in 0.009884 seconds 
========================================================================
Received Import Request.
  Time since last request: 0.000183 seconds.
  path: Assets/AStar/Models/Materials/Green.mat
  artifactKey: Guid(8ab3124b7e8a34ca6bb2e831a9726475) Importer(2089858483,934ff659095e30574adcf32a4c2f97b5)
Start importing Assets/AStar/Models/Materials/Green.mat using Guid(8ab3124b7e8a34ca6bb2e831a9726475) Importer(2089858483,934ff659095e30574adcf32a4c2f97b5)  -> (artifact id: '27578ccb9ab338b8970b0a69d2d72b4b') in 0.007489 seconds 
========================================================================
Received Import Request.
  Time since last request: 0.000152 seconds.
  path: Assets/AStar/Models/Materials/yellow.mat
  artifactKey: Guid(ac5845cab927e4bbfa33fcee63733def) Importer(2089858483,934ff659095e30574adcf32a4c2f97b5)
Start importing Assets/AStar/Models/Materials/yellow.mat using Guid(ac5845cab927e4bbfa33fcee63733def) Importer(2089858483,934ff659095e30574adcf32a4c2f97b5)  -> (artifact id: '3c987dd961af655032c63f9590252a2c') in 0.008691 seconds 
========================================================================
Received Import Request.
  Time since last request: 0.000255 seconds.
  path: Assets/AStar/Models/Materials/Red.mat
  artifactKey: Guid(a39ce23f4c7304a76aef66e35714e69b) Importer(2089858483,934ff659095e30574adcf32a4c2f97b5)
Start importing Assets/AStar/Models/Materials/Red.mat using Guid(a39ce23f4c7304a76aef66e35714e69b) Importer(2089858483,934ff659095e30574adcf32a4c2f97b5)  -> (artifact id: 'b637a34b681dc2d1526fe49dcdca6f0a') in 0.008159 seconds 
========================================================================
Received Import Request.
  Time since last request: 0.000139 seconds.
  path: Assets/AStar/Models/Materials/Wall.mat
  artifactKey: Guid(dad53977d7ab443f9b3aa0f3ce239b3f) Importer(2089858483,934ff659095e30574adcf32a4c2f97b5)
Start importing Assets/AStar/Models/Materials/Wall.mat using Guid(dad53977d7ab443f9b3aa0f3ce239b3f) Importer(2089858483,934ff659095e30574adcf32a4c2f97b5)  -> (artifact id: '7bc5e2db4522960161e06c071298806e') in 0.009473 seconds 
========================================================================
Received Import Request.
  Time since last request: 0.000149 seconds.
  path: Assets/AStar/Models/Materials/Black.mat
  artifactKey: Guid(ecd8b89a9845644fabc91334db10097d) Importer(2089858483,934ff659095e30574adcf32a4c2f97b5)
Start importing Assets/AStar/Models/Materials/Black.mat using Guid(ecd8b89a9845644fabc91334db10097d) Importer(2089858483,934ff659095e30574adcf32a4c2f97b5)  -> (artifact id: 'eb2c34c6a3263927922b9c44fa061227') in 0.007760 seconds 
========================================================================
Received Import Request.
  Time since last request: 0.000167 seconds.
  path: Assets/AStar/Models/Prefabs/End.prefab
  artifactKey: Guid(a05f88bb7457d4e59bd0ee0e79575ce1) Importer(2089858483,934ff659095e30574adcf32a4c2f97b5)
Start importing Assets/AStar/Models/Prefabs/End.prefab using Guid(a05f88bb7457d4e59bd0ee0e79575ce1) Importer(2089858483,934ff659095e30574adcf32a4c2f97b5)  -> (artifact id: 'ef181f221ee0700196816de7370eb15b') in 0.007957 seconds 
========================================================================
Received Import Request.
  Time since last request: 0.000166 seconds.
  path: Assets/AStar/Models
  artifactKey: Guid(f708667a0ece27848af88c26edf01ba8) Importer(2089858483,934ff659095e30574adcf32a4c2f97b5)
Start importing Assets/AStar/Models using Guid(f708667a0ece27848af88c26edf01ba8) Importer(2089858483,934ff659095e30574adcf32a4c2f97b5)  -> (artifact id: 'cdc79475f274b51b75b4c5b89df09e7f') in 0.008781 seconds 
========================================================================
Received Import Request.
  Time since last request: 0.000131 seconds.
  path: Assets/AStar/Models/Materials/Blue.mat
  artifactKey: Guid(05893fc3b659b442887050c52afecc9b) Importer(2089858483,934ff659095e30574adcf32a4c2f97b5)
Start importing Assets/AStar/Models/Materials/Blue.mat using Guid(05893fc3b659b442887050c52afecc9b) Importer(2089858483,934ff659095e30574adcf32a4c2f97b5)  -> (artifact id: '60cf9aebac75d2d11728275eb8a39415') in 0.009406 seconds 
========================================================================
Received Import Request.
  Time since last request: 0.000139 seconds.
  path: Assets/AStar/Models/Materials/orange.mat
  artifactKey: Guid(b53bce765920d46c595d6803cf1846a6) Importer(2089858483,934ff659095e30574adcf32a4c2f97b5)
Start importing Assets/AStar/Models/Materials/orange.mat using Guid(b53bce765920d46c595d6803cf1846a6) Importer(2089858483,934ff659095e30574adcf32a4c2f97b5)  -> (artifact id: 'a6b031a9e22f3b4595729c852a880331') in 0.008341 seconds 
========================================================================
Received Import Request.
  Time since last request: 0.000150 seconds.
  path: Assets/AStar/Models/Prefabs
  artifactKey: Guid(ad246f7873c2b014ab1e4ffa9ad0ad78) Importer(2089858483,934ff659095e30574adcf32a4c2f97b5)
Start importing Assets/AStar/Models/Prefabs using Guid(ad246f7873c2b014ab1e4ffa9ad0ad78) Importer(2089858483,934ff659095e30574adcf32a4c2f97b5)  -> (artifact id: 'f62e386d1174751b019299522351f0f9') in 0.009701 seconds 
========================================================================
Received Import Request.
  Time since last request: 0.000153 seconds.
  path: Assets/AStar/Models/Prefabs/Start.prefab
  artifactKey: Guid(ef44b7d2e6e35443aab13daf5583bd3e) Importer(2089858483,934ff659095e30574adcf32a4c2f97b5)
Start importing Assets/AStar/Models/Prefabs/Start.prefab using Guid(ef44b7d2e6e35443aab13daf5583bd3e) Importer(2089858483,934ff659095e30574adcf32a4c2f97b5)  -> (artifact id: '2cf72e28f56fb6f15e0b33109d37f2f1') in 0.007749 seconds 
========================================================================
Received Import Request.
  Time since last request: 0.000166 seconds.
  path: Assets/AStar/Models/Prefabs/Path.prefab
  artifactKey: Guid(fbc327f82b9b646dca7e0960e120ec66) Importer(2089858483,934ff659095e30574adcf32a4c2f97b5)
Start importing Assets/AStar/Models/Prefabs/Path.prefab using Guid(fbc327f82b9b646dca7e0960e120ec66) Importer(2089858483,934ff659095e30574adcf32a4c2f97b5)  -> (artifact id: '7fc3a9719412494cce4d7623f7a6f92f') in 0.008417 seconds 
========================================================================
Received Import Request.
  Time since last request: 1.151861 seconds.
  path: Assets/Scenes
  artifactKey: Guid(53f6baf3c9f8c0941b8c64302471b0d0) Importer(815301076,1909f56bfc062723c751e8b465ee728b)
Start importing Assets/Scenes using Guid(53f6baf3c9f8c0941b8c64302471b0d0) Importer(815301076,1909f56bfc062723c751e8b465ee728b)  -> (artifact id: 'e86b75237d93b7bbecef0f25dc518309') in 0.006363 seconds 
========================================================================
Received Import Request.
  Time since last request: 77.530944 seconds.
  path: Assets/AStar/AStarPath.unity
  artifactKey: Guid(477a9f6b31b954bb69bd4885300f1ee8) Importer(2089858483,934ff659095e30574adcf32a4c2f97b5)
Start importing Assets/AStar/AStarPath.unity using Guid(477a9f6b31b954bb69bd4885300f1ee8) Importer(2089858483,934ff659095e30574adcf32a4c2f97b5)  -> (artifact id: '7ac00ade236b28c429c69580ff974e92') in 0.007451 seconds 
========================================================================
Received Import Request.
  Time since last request: 30.200661 seconds.
  path: Assets/AStar/Scripts/FindPathX.cs
  artifactKey: Guid(3611f5bc8407816479d3e3bf62965f8a) Importer(815301076,1909f56bfc062723c751e8b465ee728b)
Start importing Assets/AStar/Scripts/FindPathX.cs using Guid(3611f5bc8407816479d3e3bf62965f8a) Importer(815301076,1909f56bfc062723c751e8b465ee728b)  -> (artifact id: '2a53d20ae968b5ddd83076fc0e8c4e84') in 0.001992 seconds 
========================================================================
Received Prepare
Registering precompiled user dll's ...
Registered in 0.005265 seconds.
Begin MonoManager ReloadAssembly
Symbol file LoadedFromMemory doesn't match image C:\IMPORTANT\Unity\Projects\Tests\Library\PackageCache\com.unity.visualscripting@1.6.1\Editor\VisualScripting.Core\Dependencies\YamlDotNet\Unity.VisualScripting.YamlDotNet.dll
Symbol file LoadedFromMemory doesn't match image C:\IMPORTANT\Unity\Projects\Tests\Library\PackageCache\com.unity.visualscripting@1.6.1\Editor\VisualScripting.Core\Dependencies\DotNetZip\Unity.VisualScripting.IonicZip.dll
Native extension for WindowsStandalone target not found
Refreshing native plugins compatible for Editor in 0.81 ms, found 3 plugins.
Preloading 0 native plugins for Editor in 0.00 ms.
Mono: successfully reloaded assembly
- Completed reload, in  0.914 seconds
Domain Reload Profiling:
	ReloadAssembly (914ms)
		BeginReloadAssembly (102ms)
			ExecutionOrderSort (0ms)
			DisableScriptedObjects (4ms)
			BackupInstance (0ms)
			ReleaseScriptingObjects (0ms)
			CreateAndSetChildDomain (35ms)
		EndReloadAssembly (755ms)
			LoadAssemblies (76ms)
			RebuildTransferFunctionScriptingTraits (0ms)
			SetupTypeCache (288ms)
			ReleaseScriptCaches (1ms)
			RebuildScriptCaches (34ms)
			SetupLoadedEditorAssemblies (251ms)
				LogAssemblyErrors (0ms)
				InitializePlatformSupportModulesInManaged (4ms)
				SetLoadedEditorAssemblies (0ms)
				RefreshPlugins (1ms)
				BeforeProcessingInitializeOnLoad (47ms)
				ProcessInitializeOnLoadAttributes (188ms)
				ProcessInitializeOnLoadMethodAttributes (4ms)
				AfterProcessingInitializeOnLoad (6ms)
				EditorAssembliesLoaded (0ms)
			ExecutionOrderSort2 (0ms)
			AwakeInstancesAfterBackupRestoration (14ms)
Platform modules already initialized, skipping
Refreshing native plugins compatible for Editor in 0.74 ms, found 3 plugins.
Preloading 0 native plugins for Editor in 0.00 ms.
Unloading 2969 Unused Serialized files (Serialized files now loaded: 0)
System memory in use before: 121.6 MB.
System memory in use after: 121.8 MB.

Unloading 18 unused Assets to reduce memory usage. Loaded Objects now: 3855.
Total: 2.962700 ms (FindLiveObjects: 0.372000 ms CreateObjectMapping: 0.265900 ms MarkObjects: 2.263100 ms  DeleteObjects: 0.060000 ms)

AssetImportParameters requested are different than current active one (requested -> active):
  custom:framework-win-MediaFoundation: 216162199b28c13a410421893ffa2e32 -> 
  custom:video-decoder-ogg-theora: a1e56fd34408186e4bbccfd4996cb3dc -> 
  custom:container-muxer-webm: aa71ff27fc2769a1b78a27578f13a17b -> 
  custom:container-demuxer-webm: 4f35f7cbe854078d1ac9338744f61a02 -> 
  custom:container-demuxer-ogg: 62fdf1f143b41e24485cea50d1cbac27 -> 
  custom:video-encoder-webm-vp8: eb34c28f22e8b96e1ab97ce403110664 -> 
  custom:video-decoder-webm-vp8: 9c59270c3fd7afecdb556c50c9e8de78 -> 
  custom:audio-decoder-ogg-vorbis: bf7c407c2cedff20999df2af8eb42d56 -> 
  custom:audio-encoder-webm-vorbis: bf7c407c2cedff20999df2af8eb42d56 -> 
========================================================================
Received Import Request.
  Time since last request: 119.758980 seconds.
  path: Assets/AStar/Scripts/FindPathX.cs
  artifactKey: Guid(3611f5bc8407816479d3e3bf62965f8a) Importer(815301076,1909f56bfc062723c751e8b465ee728b)
Start importing Assets/AStar/Scripts/FindPathX.cs using Guid(3611f5bc8407816479d3e3bf62965f8a) Importer(815301076,1909f56bfc062723c751e8b465ee728b)  -> (artifact id: '0588620b8ff744d9fcf275c1b882fce3') in 0.008276 seconds 
========================================================================
Received Import Request.
  Time since last request: 15.052659 seconds.
  path: Assets/AStar/AStarPath.unity
  artifactKey: Guid(477a9f6b31b954bb69bd4885300f1ee8) Importer(815301076,1909f56bfc062723c751e8b465ee728b)
Start importing Assets/AStar/AStarPath.unity using Guid(477a9f6b31b954bb69bd4885300f1ee8) Importer(815301076,1909f56bfc062723c751e8b465ee728b)  -> (artifact id: 'd377b2fb52f6941da216e21ca813e7f8') in 0.025051 seconds 
========================================================================
Received Prepare
Registering precompiled user dll's ...
Registered in 0.004665 seconds.
Begin MonoManager ReloadAssembly
Symbol file LoadedFromMemory doesn't match image C:\IMPORTANT\Unity\Projects\Tests\Library\PackageCache\com.unity.visualscripting@1.6.1\Editor\VisualScripting.Core\Dependencies\YamlDotNet\Unity.VisualScripting.YamlDotNet.dll
Symbol file LoadedFromMemory doesn't match image C:\IMPORTANT\Unity\Projects\Tests\Library\PackageCache\com.unity.visualscripting@1.6.1\Editor\VisualScripting.Core\Dependencies\DotNetZip\Unity.VisualScripting.IonicZip.dll
Native extension for WindowsStandalone target not found
Refreshing native plugins compatible for Editor in 0.67 ms, found 3 plugins.
Preloading 0 native plugins for Editor in 0.00 ms.
Mono: successfully reloaded assembly
- Completed reload, in  0.900 seconds
Domain Reload Profiling:
	ReloadAssembly (901ms)
		BeginReloadAssembly (105ms)
			ExecutionOrderSort (0ms)
			DisableScriptedObjects (7ms)
			BackupInstance (0ms)
			ReleaseScriptingObjects (0ms)
			CreateAndSetChildDomain (31ms)
		EndReloadAssembly (738ms)
			LoadAssemblies (74ms)
			RebuildTransferFunctionScriptingTraits (0ms)
			SetupTypeCache (287ms)
			ReleaseScriptCaches (1ms)
			RebuildScriptCaches (36ms)
			SetupLoadedEditorAssemblies (244ms)
				LogAssemblyErrors (0ms)
				InitializePlatformSupportModulesInManaged (5ms)
				SetLoadedEditorAssemblies (0ms)
				RefreshPlugins (1ms)
				BeforeProcessingInitializeOnLoad (46ms)
				ProcessInitializeOnLoadAttributes (183ms)
				ProcessInitializeOnLoadMethodAttributes (4ms)
				AfterProcessingInitializeOnLoad (6ms)
				EditorAssembliesLoaded (0ms)
			ExecutionOrderSort2 (0ms)
			AwakeInstancesAfterBackupRestoration (14ms)
Platform modules already initialized, skipping
Refreshing native plugins compatible for Editor in 0.75 ms, found 3 plugins.
Preloading 0 native plugins for Editor in 0.00 ms.
Unloading 2942 Unused Serialized files (Serialized files now loaded: 0)
System memory in use before: 120.8 MB.
System memory in use after: 121.0 MB.

Unloading 18 unused Assets to reduce memory usage. Loaded Objects now: 3858.
Total: 2.761200 ms (FindLiveObjects: 0.367500 ms CreateObjectMapping: 0.083800 ms MarkObjects: 2.253100 ms  DeleteObjects: 0.055300 ms)

AssetImportParameters requested are different than current active one (requested -> active):
  custom:framework-win-MediaFoundation: 216162199b28c13a410421893ffa2e32 -> 
  custom:video-decoder-ogg-theora: a1e56fd34408186e4bbccfd4996cb3dc -> 
  custom:container-muxer-webm: aa71ff27fc2769a1b78a27578f13a17b -> 
  custom:container-demuxer-webm: 4f35f7cbe854078d1ac9338744f61a02 -> 
  custom:container-demuxer-ogg: 62fdf1f143b41e24485cea50d1cbac27 -> 
  custom:video-encoder-webm-vp8: eb34c28f22e8b96e1ab97ce403110664 -> 
  custom:video-decoder-webm-vp8: 9c59270c3fd7afecdb556c50c9e8de78 -> 
  custom:audio-decoder-ogg-vorbis: bf7c407c2cedff20999df2af8eb42d56 -> 
  custom:audio-encoder-webm-vorbis: bf7c407c2cedff20999df2af8eb42d56 -> 
